
Using this LTR_FINDER: /data/HS_graduation/kalnal/ltrfinder/bin/LTR_FINDER.x86_64-1.0.7/
Pass!
Sun Dec 11 16:28:43 2022 CPU1: running on CM035446_1_sub1
Sun Dec 11 16:28:43 2022 CPU2: running on CM035446_1_sub2
Sun Dec 11 16:28:43 2022 CPU3: running on CM035446_1_sub3
Sun Dec 11 16:28:43 2022 CPU4: running on CM035446_1_sub4
Sun Dec 11 16:28:43 2022 CPU5: running on CM035446_1_sub5
Sun Dec 11 16:28:43 2022 CPU6: running on CM035446_1_sub6
Sun Dec 11 16:28:43 2022 CPU7: running on CM035446_1_sub7
Sun Dec 11 16:28:43 2022 CPU8: running on CM035447_1_sub1
Sun Dec 11 16:28:43 2022 CPU9: running on CM035447_1_sub2
Sun Dec 11 16:28:43 2022 CPU10: running on CM035447_1_sub3
Sun Dec 11 16:28:43 2022 CPU11: running on CM035447_1_sub4
Sun Dec 11 16:28:43 2022 CPU12: running on CM035447_1_sub5
Sun Dec 11 16:28:43 2022 CPU13: running on CM035447_1_sub6
Sun Dec 11 16:28:43 2022 CPU14: running on CM035448_1_sub1
Sun Dec 11 16:28:44 2022 CPU15: running on CM035448_1_sub2
Sun Dec 11 16:28:44 2022 CPU16: running on CM035448_1_sub3
Sun Dec 11 16:28:44 2022 CPU17: running on CM035448_1_sub4
Sun Dec 11 16:28:44 2022 CPU18: running on CM035448_1_sub5
Sun Dec 11 16:28:44 2022 CPU19: running on CM035448_1_sub6
Sun Dec 11 16:28:44 2022 CPU20: running on CM035448_1_sub7
Sun Dec 11 16:28:44 2022 CPU21: running on CM035448_1_sub8
Sun Dec 11 16:28:44 2022 CPU22: running on CM035449_1_sub1
Sun Dec 11 16:28:44 2022 CPU23: running on CM035449_1_sub2
Sun Dec 11 16:28:44 2022 CPU24: running on CM035449_1_sub3
Sun Dec 11 16:28:44 2022 CPU25: running on CM035449_1_sub4
Sun Dec 11 16:28:44 2022 CPU26: running on CM035449_1_sub5
Sun Dec 11 16:28:44 2022 CPU27: running on CM035450_1_sub1
Sun Dec 11 16:28:45 2022 CPU28: running on CM035450_1_sub2
Sun Dec 11 16:28:45 2022 CPU29: running on CM035450_1_sub3
Sun Dec 11 16:28:45 2022 CPU30: running on CM035450_1_sub4
Sun Dec 11 16:28:45 2022 CPU31: running on CM035450_1_sub5
Sun Dec 11 16:28:45 2022 CPU32: running on CM035450_1_sub6
Sun Dec 11 16:28:45 2022 CPU33: running on CM035451_1_sub1
Sun Dec 11 16:28:45 2022 CPU34: running on CM035451_1_sub2
Sun Dec 11 16:28:45 2022 CPU35: running on CM035451_1_sub3
Sun Dec 11 16:28:45 2022 CPU18: running on CM035451_1_sub4
Sun Dec 11 16:28:46 2022 CPU36: running on CM035451_1_sub5
Sun Dec 11 16:28:46 2022 CPU37: running on CM035451_1_sub6
Sun Dec 11 16:28:46 2022 CPU38: running on CM035452_1_sub1
Sun Dec 11 16:28:46 2022 CPU39: running on CM035452_1_sub2
Sun Dec 11 16:28:46 2022 CPU40: running on CM035452_1_sub3
Sun Dec 11 16:28:46 2022 CPU41: running on CM035452_1_sub4
Sun Dec 11 16:28:46 2022 CPU42: running on CM035452_1_sub5
Sun Dec 11 16:28:47 2022 CPU16: running on CM035452_1_sub6
Sun Dec 11 16:28:47 2022 CPU3: running on CM035453_1_sub1
Sun Dec 11 16:28:48 2022 CPU17: running on CM035453_1_sub2
Sun Dec 11 16:28:49 2022 CPU19: running on CM035453_1_sub3
Sun Dec 11 16:28:49 2022 CPU41: running on CM035453_1_sub4
Sun Dec 11 16:28:49 2022 CPU12: running on CM035453_1_sub5
Sun Dec 11 16:28:49 2022 CPU10: running on CM035454_1_sub1
Sun Dec 11 16:28:50 2022 CPU36: running on CM035454_1_sub2
Sun Dec 11 16:28:51 2022 CPU40: running on CM035454_1_sub3
Sun Dec 11 16:28:52 2022 CPU12: running on CM035454_1_sub4
Sun Dec 11 16:28:53 2022 CPU16: running on CM035454_1_sub5
Sun Dec 11 16:28:55 2022 CPU14: running on CM035454_1_sub6
Sun Dec 11 16:28:55 2022 CPU35: running on CM035454_1_sub7
Sun Dec 11 16:28:56 2022 CPU30: running on CM035454_1_sub8
Sun Dec 11 16:28:56 2022 CPU24: running on CM035454_1_sub9
Sun Dec 11 16:28:56 2022 CPU41: running on CM035454_1_sub10
Sun Dec 11 16:28:56 2022 CPU15: running on CM035455_1_sub1
Sun Dec 11 16:28:56 2022 CPU41: running on CM035455_1_sub2
Sun Dec 11 16:28:57 2022 CPU31: running on CM035455_1_sub3
Sun Dec 11 16:28:57 2022 CPU18: running on CM035455_1_sub4
Sun Dec 11 16:28:57 2022 CPU20: running on CM035456_1_sub1
Sun Dec 11 16:29:00 2022 CPU35: running on CM035456_1_sub2
Sun Dec 11 16:29:01 2022 CPU23: running on CM035456_1_sub3
Sun Dec 11 16:29:01 2022 CPU31: running on CM035456_1_sub4
Sun Dec 11 16:29:03 2022 CPU25: running on CM035456_1_sub5
Sun Dec 11 16:29:03 2022 CPU2: running on CM035456_1_sub6
Sun Dec 11 16:29:05 2022 CPU18: running on CM035456_1_sub7
Sun Dec 11 16:29:05 2022 CPU35: running on CM035456_1_sub8
Sun Dec 11 16:29:06 2022 CPU23: running on CM035456_1_sub9
Sun Dec 11 16:29:08 2022 CPU8: running on CM035456_1_sub10
Sun Dec 11 16:29:10 2022 CPU28: running on CM035456_1_sub11
Sun Dec 11 16:29:14 2022 CPU31: running on CM035457_1_sub1
Sun Dec 11 16:29:15 2022 CPU41: running on CM035457_1_sub2
Sun Dec 11 16:29:15 2022 CPU35: running on CM035457_1_sub3
Sun Dec 11 16:29:17 2022 CPU15: running on CM035457_1_sub4
Sun Dec 11 16:29:17 2022 CPU2: running on CM035457_1_sub5
Sun Dec 11 16:29:17 2022 CPU4: running on CM035457_1_sub6
Sun Dec 11 16:29:18 2022 CPU30: running on CM035457_1_sub7
Sun Dec 11 16:29:19 2022 CPU21: running on CM035457_1_sub8
Sun Dec 11 16:29:19 2022 CPU23: running on CM035457_1_sub9
Sun Dec 11 16:29:20 2022 CPU14: running on CM035457_1_sub10
Sun Dec 11 16:29:21 2022 CPU18: running on CM035457_1_sub11
Sun Dec 11 16:29:22 2022 CPU35: running on CM035457_1_sub12
Sun Dec 11 16:29:22 2022 CPU2: running on CM035458_1_sub1
Sun Dec 11 16:29:24 2022 CPU1: running on CM035458_1_sub2
Sun Dec 11 16:29:24 2022 CPU26: running on CM035458_1_sub3
Sun Dec 11 16:29:25 2022 CPU15: running on CM035458_1_sub4
Sun Dec 11 16:29:26 2022 CPU34: running on CM035458_1_sub5
Sun Dec 11 16:29:26 2022 CPU39: running on CM035458_1_sub6
Sun Dec 11 16:29:27 2022 CPU4: running on CM035458_1_sub7
Sun Dec 11 16:29:28 2022 CPU30: running on CM035458_1_sub8
Sun Dec 11 16:29:28 2022 CPU18: running on CM035458_1_sub9
Sun Dec 11 16:29:29 2022 CPU38: running on CM035458_1_sub10
Sun Dec 11 16:29:29 2022 CPU19: running on CM035458_1_sub11
Sun Dec 11 16:29:29 2022 CPU23: running on CM035458_1_sub12
Sun Dec 11 16:29:29 2022 CPU15: running on CM035458_1_sub13
Sun Dec 11 16:29:31 2022 CPU29: running on CM035458_1_sub14
Sun Dec 11 16:29:31 2022 CPU9: running on CM035458_1_sub15
Sun Dec 11 16:29:31 2022 CPU34: running on CM035459_1_sub1
Sun Dec 11 16:29:31 2022 CPU17: running on CM035459_1_sub2
Sun Dec 11 16:29:32 2022 CPU30: running on CM035459_1_sub3
Sun Dec 11 16:29:32 2022 CPU26: running on CM035459_1_sub4
Sun Dec 11 16:29:33 2022 CPU4: running on CM035459_1_sub5
Sun Dec 11 16:29:33 2022 CPU18: running on CM035459_1_sub6
Sun Dec 11 16:29:33 2022 CPU12: running on CM035459_1_sub7
Sun Dec 11 16:29:34 2022 CPU36: running on CM035459_1_sub8
Sun Dec 11 16:29:34 2022 CPU39: running on CM035459_1_sub9
Sun Dec 11 16:29:36 2022 CPU31: running on CM035459_1_sub10
Sun Dec 11 16:29:37 2022 CPU19: running on CM035459_1_sub11
Sun Dec 11 16:29:38 2022 CPU1: running on CM035459_1_sub12
Sun Dec 11 16:29:38 2022 CPU3: running on CM035459_1_sub13
Sun Dec 11 16:29:38 2022 CPU39: running on CM035460_1_sub1
Sun Dec 11 16:29:38 2022 CPU26: running on CM035460_1_sub2
Sun Dec 11 16:29:38 2022 CPU11: running on CM035460_1_sub3
Sun Dec 11 16:29:38 2022 CPU42: running on CM035460_1_sub4
Sun Dec 11 16:29:39 2022 CPU25: running on CM035460_1_sub5
Sun Dec 11 16:29:39 2022 CPU17: running on CM035460_1_sub6
Sun Dec 11 16:29:39 2022 CPU12: running on CM035460_1_sub7
Sun Dec 11 16:29:39 2022 CPU23: running on CM035460_1_sub8
Sun Dec 11 16:29:40 2022 CPU6: running on CM035460_1_sub9
Sun Dec 11 16:29:40 2022 CPU7: running on CM035460_1_sub10
Sun Dec 11 16:29:41 2022 CPU37: running on CM035460_1_sub11
Sun Dec 11 16:29:41 2022 CPU18: running on CM035460_1_sub12
Sun Dec 11 16:29:41 2022 CPU41: running on CM035461_1_sub1
Sun Dec 11 16:29:41 2022 CPU8: running on CM035461_1_sub2
Sun Dec 11 16:29:42 2022 CPU29: running on CM035461_1_sub3
Sun Dec 11 16:29:42 2022 CPU30: running on CM035461_1_sub4
Sun Dec 11 16:29:43 2022 CPU7: running on CM035461_1_sub5
Sun Dec 11 16:29:43 2022 CPU24: running on CM035461_1_sub6
Sun Dec 11 16:29:43 2022 CPU11: running on CM035461_1_sub7
Sun Dec 11 16:29:43 2022 CPU10: running on CM035461_1_sub8
Sun Dec 11 16:29:43 2022 CPU17: running on CM035461_1_sub9
Sun Dec 11 16:29:45 2022 CPU13: running on CM035461_1_sub10
Sun Dec 11 16:29:45 2022 CPU15: running on CM035462_1_sub1
Sun Dec 11 16:29:46 2022 CPU42: running on CM035462_1_sub2
Sun Dec 11 16:29:46 2022 CPU26: running on CM035462_1_sub3
Sun Dec 11 16:29:47 2022 CPU38: running on CM035462_1_sub4
Sun Dec 11 16:29:47 2022 CPU1: running on CM035462_1_sub5
Sun Dec 11 16:29:47 2022 CPU25: running on CM035462_1_sub6
Sun Dec 11 16:29:48 2022 CPU9: running on CM035462_1_sub7
Sun Dec 11 16:29:48 2022 CPU30: running on CM035462_1_sub8
Sun Dec 11 16:29:49 2022 CPU7: running on CM035462_1_sub9
Sun Dec 11 16:29:49 2022 CPU31: running on CM035462_1_sub10
Sun Dec 11 16:29:49 2022 CPU6: running on CM035462_1_sub11
Sun Dec 11 16:29:50 2022 CPU19: running on CM035463_1_sub1
Sun Dec 11 16:29:51 2022 CPU28: running on CM035463_1_sub2
Sun Dec 11 16:29:51 2022 CPU24: running on CM035463_1_sub3
Sun Dec 11 16:29:51 2022 CPU7: running on CM035463_1_sub4
Sun Dec 11 16:29:52 2022 CPU25: running on CM035463_1_sub5
Sun Dec 11 16:29:53 2022 CPU23: running on CM035463_1_sub6
Sun Dec 11 16:29:53 2022 CPU11: running on CM035463_1_sub7
Sun Dec 11 16:29:55 2022 CPU30: running on CM035463_1_sub8
Sun Dec 11 16:29:55 2022 CPU8: running on CM035463_1_sub9
Sun Dec 11 16:29:56 2022 CPU11: running on CM035463_1_sub10
Sun Dec 11 16:29:56 2022 CPU5: running on CM035464_1_sub1
Sun Dec 11 16:29:57 2022 CPU25: running on CM035464_1_sub2
Sun Dec 11 16:29:57 2022 CPU42: running on CM035464_1_sub3
Sun Dec 11 16:29:58 2022 CPU8: running on CM035464_1_sub4
Sun Dec 11 16:29:59 2022 CPU29: running on CM035464_1_sub5
Sun Dec 11 16:29:59 2022 CPU27: running on CM035464_1_sub6
Sun Dec 11 16:30:00 2022 CPU30: running on CM035464_1_sub7
Sun Dec 11 16:30:00 2022 CPU14: running on CM035464_1_sub8
Sun Dec 11 16:30:00 2022 CPU28: running on CM035464_1_sub9
Sun Dec 11 16:30:02 2022 CPU42: running on CM035464_1_sub10
Sun Dec 11 16:30:02 2022 CPU25: running on CM035464_1_sub11
Sun Dec 11 16:30:02 2022 CPU6: running on CM035464_1_sub12
Sun Dec 11 16:30:05 2022 CPU15: running on CM035464_1_sub13
Sun Dec 11 16:38:38 2022 Job finished! Check out genome.fa.finder.combine.scn
Traceback (most recent call last):
  File "/data/HS_graduation/kalnal/kalnal.py", line 21, in <module>
    analyze(args)
  File "/data/HS_graduation/kalnal/functions.py", line 161, in analyze
    ploting(k)
  File "/data/HS_graduation/kalnal/functions.py", line 132, in ploting
    data = dict2dict(data, kmer)
           ^^^^^^^^^^^^^^^^^^^^^
  File "/data/HS_graduation/kalnal/functions.py", line 111, in dict2dict
    if mer not in v1.keys(): d[k1][mer] = 0
                             ~~~~~^^^^^
MemoryError
