
Using this LTR_FINDER: /data/HS_graduation/kalnal/ltrfinder/bin/LTR_FINDER.x86_64-1.0.7/
Pass!
Tue Dec  6 12:54:07 2022 CPU1: running on CM035446_1_sub1
Tue Dec  6 12:54:07 2022 CPU2: running on CM035446_1_sub2
Tue Dec  6 12:54:07 2022 CPU3: running on CM035446_1_sub3
Tue Dec  6 12:54:07 2022 CPU4: running on CM035446_1_sub4
Tue Dec  6 12:54:07 2022 CPU5: running on CM035446_1_sub5
Tue Dec  6 12:54:07 2022 CPU6: running on CM035446_1_sub6
Tue Dec  6 12:54:07 2022 CPU7: running on CM035446_1_sub7
Tue Dec  6 12:54:07 2022 CPU8: running on CM035447_1_sub1
Tue Dec  6 12:54:07 2022 CPU9: running on CM035447_1_sub2
Tue Dec  6 12:54:07 2022 CPU10: running on CM035447_1_sub3
Tue Dec  6 12:54:07 2022 CPU11: running on CM035447_1_sub4
Tue Dec  6 12:54:07 2022 CPU12: running on CM035447_1_sub5
Tue Dec  6 12:54:07 2022 CPU13: running on CM035447_1_sub6
Tue Dec  6 12:54:07 2022 CPU14: running on CM035448_1_sub1
Tue Dec  6 12:54:07 2022 CPU15: running on CM035448_1_sub2
Tue Dec  6 12:54:07 2022 CPU16: running on CM035448_1_sub3
Tue Dec  6 12:54:08 2022 CPU17: running on CM035448_1_sub4
Tue Dec  6 12:54:08 2022 CPU18: running on CM035448_1_sub5
Tue Dec  6 12:54:08 2022 CPU19: running on CM035448_1_sub6
Tue Dec  6 12:54:08 2022 CPU20: running on CM035448_1_sub7
Tue Dec  6 12:54:08 2022 CPU21: running on CM035448_1_sub8
Tue Dec  6 12:54:08 2022 CPU22: running on CM035449_1_sub1
Tue Dec  6 12:54:08 2022 CPU23: running on CM035449_1_sub2
Tue Dec  6 12:54:08 2022 CPU24: running on CM035449_1_sub3
Tue Dec  6 12:54:08 2022 CPU25: running on CM035449_1_sub4
Tue Dec  6 12:54:08 2022 CPU26: running on CM035449_1_sub5
Tue Dec  6 12:54:08 2022 CPU27: running on CM035450_1_sub1
Tue Dec  6 12:54:09 2022 CPU28: running on CM035450_1_sub2
Tue Dec  6 12:54:09 2022 CPU29: running on CM035450_1_sub3
Tue Dec  6 12:54:09 2022 CPU30: running on CM035450_1_sub4
Tue Dec  6 12:54:09 2022 CPU31: running on CM035450_1_sub5
Tue Dec  6 12:54:09 2022 CPU32: running on CM035450_1_sub6
Tue Dec  6 12:54:09 2022 CPU33: running on CM035451_1_sub1
Tue Dec  6 12:54:09 2022 CPU34: running on CM035451_1_sub2
Tue Dec  6 12:54:09 2022 CPU35: running on CM035451_1_sub3
Tue Dec  6 12:54:09 2022 CPU36: running on CM035451_1_sub4
Tue Dec  6 12:54:10 2022 CPU37: running on CM035451_1_sub5
Tue Dec  6 12:54:10 2022 CPU38: running on CM035451_1_sub6
Tue Dec  6 12:54:10 2022 CPU39: running on CM035452_1_sub1
Tue Dec  6 12:54:10 2022 CPU18: running on CM035452_1_sub2
Tue Dec  6 12:54:10 2022 CPU40: running on CM035452_1_sub3
Tue Dec  6 12:54:10 2022 CPU41: running on CM035452_1_sub4
Tue Dec  6 12:54:10 2022 CPU42: running on CM035452_1_sub5
Tue Dec  6 12:54:11 2022 CPU16: running on CM035452_1_sub6
Tue Dec  6 12:54:11 2022 CPU3: running on CM035453_1_sub1
Tue Dec  6 12:54:12 2022 CPU17: running on CM035453_1_sub2
Tue Dec  6 12:54:13 2022 CPU41: running on CM035453_1_sub3
Tue Dec  6 12:54:14 2022 CPU12: running on CM035453_1_sub4
Tue Dec  6 12:54:14 2022 CPU40: running on CM035453_1_sub5
Tue Dec  6 12:54:14 2022 CPU37: running on CM035454_1_sub1
Tue Dec  6 12:54:15 2022 CPU10: running on CM035454_1_sub2
Tue Dec  6 12:54:16 2022 CPU40: running on CM035454_1_sub3
Tue Dec  6 12:54:16 2022 CPU19: running on CM035454_1_sub4
Tue Dec  6 12:54:18 2022 CPU35: running on CM035454_1_sub5
Tue Dec  6 12:54:18 2022 CPU36: running on CM035454_1_sub6
Tue Dec  6 12:54:20 2022 CPU14: running on CM035454_1_sub7
Tue Dec  6 12:54:21 2022 CPU12: running on CM035454_1_sub8
Tue Dec  6 12:54:21 2022 CPU16: running on CM035454_1_sub9
Tue Dec  6 12:54:23 2022 CPU24: running on CM035454_1_sub10
Tue Dec  6 12:54:23 2022 CPU15: running on CM035455_1_sub1
Tue Dec  6 12:54:23 2022 CPU24: running on CM035455_1_sub2
Tue Dec  6 12:54:24 2022 CPU31: running on CM035455_1_sub3
Tue Dec  6 12:54:24 2022 CPU20: running on CM035455_1_sub4
Tue Dec  6 12:54:24 2022 CPU14: running on CM035456_1_sub1
Tue Dec  6 12:54:26 2022 CPU30: running on CM035456_1_sub2
Tue Dec  6 12:54:29 2022 CPU23: running on CM035456_1_sub3
Tue Dec  6 12:54:30 2022 CPU31: running on CM035456_1_sub4
Tue Dec  6 12:54:31 2022 CPU30: running on CM035456_1_sub5
Tue Dec  6 12:54:35 2022 CPU20: running on CM035456_1_sub6
Tue Dec  6 12:54:35 2022 CPU2: running on CM035456_1_sub7
Tue Dec  6 12:54:37 2022 CPU28: running on CM035456_1_sub8
Tue Dec  6 12:54:37 2022 CPU23: running on CM035456_1_sub9
Tue Dec  6 12:54:38 2022 CPU25: running on CM035456_1_sub10
Tue Dec  6 12:54:42 2022 CPU24: running on CM035456_1_sub11
Tue Dec  6 12:54:43 2022 CPU12: running on CM035457_1_sub1
Tue Dec  6 12:54:43 2022 CPU15: running on CM035457_1_sub2
Tue Dec  6 12:54:44 2022 CPU8: running on CM035457_1_sub3
Tue Dec  6 12:54:48 2022 CPU28: running on CM035457_1_sub4
Tue Dec  6 12:54:48 2022 CPU39: running on CM035457_1_sub5
Tue Dec  6 12:54:48 2022 CPU18: running on CM035457_1_sub6
Tue Dec  6 12:54:49 2022 CPU31: running on CM035457_1_sub7
Tue Dec  6 12:54:50 2022 CPU8: running on CM035457_1_sub8
Tue Dec  6 12:54:53 2022 CPU36: running on CM035457_1_sub9
Tue Dec  6 12:54:53 2022 CPU20: running on CM035457_1_sub10
Tue Dec  6 12:54:54 2022 CPU4: running on CM035457_1_sub11
Tue Dec  6 12:54:56 2022 CPU23: running on CM035457_1_sub12
Tue Dec  6 12:54:56 2022 CPU39: running on CM035458_1_sub1
Tue Dec  6 12:54:56 2022 CPU9: running on CM035458_1_sub2
Tue Dec  6 12:54:57 2022 CPU21: running on CM035458_1_sub3
Tue Dec  6 12:54:57 2022 CPU18: running on CM035458_1_sub4
Tue Dec  6 12:54:58 2022 CPU2: running on CM035458_1_sub5
Tue Dec  6 12:54:59 2022 CPU42: running on CM035458_1_sub6
Tue Dec  6 12:54:59 2022 CPU28: running on CM035458_1_sub7
Tue Dec  6 12:55:01 2022 CPU18: running on CM035458_1_sub8
Tue Dec  6 12:55:03 2022 CPU31: running on CM035458_1_sub9
Tue Dec  6 12:55:04 2022 CPU4: running on CM035458_1_sub10
Tue Dec  6 12:55:05 2022 CPU18: running on CM035458_1_sub11
Tue Dec  6 12:55:06 2022 CPU37: running on CM035458_1_sub12
Tue Dec  6 12:55:06 2022 CPU2: running on CM035458_1_sub13
Tue Dec  6 12:55:06 2022 CPU42: running on CM035458_1_sub14
Tue Dec  6 12:55:07 2022 CPU34: running on CM035458_1_sub15
Tue Dec  6 12:55:08 2022 CPU21: running on CM035459_1_sub1
Tue Dec  6 12:55:08 2022 CPU15: running on CM035459_1_sub2
Tue Dec  6 12:55:08 2022 CPU36: running on CM035459_1_sub3
Tue Dec  6 12:55:09 2022 CPU1: running on CM035459_1_sub4
Tue Dec  6 12:55:09 2022 CPU28: running on CM035459_1_sub5
Tue Dec  6 12:55:10 2022 CPU41: running on CM035459_1_sub6
Tue Dec  6 12:55:11 2022 CPU26: running on CM035459_1_sub7
Tue Dec  6 12:55:11 2022 CPU9: running on CM035459_1_sub8
Tue Dec  6 12:55:11 2022 CPU31: running on CM035459_1_sub9
Tue Dec  6 12:55:14 2022 CPU37: running on CM035459_1_sub10
Tue Dec  6 12:55:15 2022 CPU15: running on CM035459_1_sub11
Tue Dec  6 12:55:15 2022 CPU18: running on CM035459_1_sub12
Tue Dec  6 12:55:16 2022 CPU10: running on CM035459_1_sub13
Tue Dec  6 12:55:17 2022 CPU42: running on CM035460_1_sub1
Tue Dec  6 12:55:17 2022 CPU29: running on CM035460_1_sub2
Tue Dec  6 12:55:17 2022 CPU19: running on CM035460_1_sub3
Tue Dec  6 12:55:17 2022 CPU31: running on CM035460_1_sub4
Tue Dec  6 12:55:18 2022 CPU12: running on CM035460_1_sub5
Tue Dec  6 12:55:18 2022 CPU1: running on CM035460_1_sub6
Tue Dec  6 12:55:19 2022 CPU26: running on CM035460_1_sub7
Tue Dec  6 12:55:20 2022 CPU25: running on CM035460_1_sub8
Tue Dec  6 12:55:20 2022 CPU17: running on CM035460_1_sub9
Tue Dec  6 12:55:21 2022 CPU41: running on CM035460_1_sub10
Tue Dec  6 12:55:22 2022 CPU19: running on CM035460_1_sub11
Tue Dec  6 12:55:24 2022 CPU18: running on CM035460_1_sub12
Tue Dec  6 12:55:24 2022 CPU30: running on CM035461_1_sub1
Tue Dec  6 12:55:24 2022 CPU37: running on CM035461_1_sub2
Tue Dec  6 12:55:24 2022 CPU36: running on CM035461_1_sub3
Tue Dec  6 12:55:25 2022 CPU1: running on CM035461_1_sub4
Tue Dec  6 12:55:25 2022 CPU41: running on CM035461_1_sub5
Tue Dec  6 12:55:25 2022 CPU3: running on CM035461_1_sub6
Tue Dec  6 12:55:26 2022 CPU29: running on CM035461_1_sub7
Tue Dec  6 12:55:27 2022 CPU16: running on CM035461_1_sub8
Tue Dec  6 12:55:28 2022 CPU31: running on CM035461_1_sub9
Tue Dec  6 12:55:28 2022 CPU34: running on CM035461_1_sub10
Tue Dec  6 12:55:29 2022 CPU12: running on CM035462_1_sub1
Tue Dec  6 12:55:29 2022 CPU5: running on CM035462_1_sub2
Tue Dec  6 12:55:30 2022 CPU2: running on CM035462_1_sub3
Tue Dec  6 12:55:30 2022 CPU17: running on CM035462_1_sub4
Tue Dec  6 12:55:30 2022 CPU4: running on CM035462_1_sub5
Tue Dec  6 12:55:30 2022 CPU1: running on CM035462_1_sub6
Tue Dec  6 12:55:32 2022 CPU20: running on CM035462_1_sub7
Tue Dec  6 12:55:32 2022 CPU41: running on CM035462_1_sub8
Tue Dec  6 12:55:32 2022 CPU7: running on CM035462_1_sub9
Tue Dec  6 12:55:33 2022 CPU38: running on CM035462_1_sub10
Tue Dec  6 12:55:34 2022 CPU15: running on CM035462_1_sub11
Tue Dec  6 12:55:35 2022 CPU11: running on CM035463_1_sub1
Tue Dec  6 12:55:36 2022 CPU6: running on CM035463_1_sub2
Tue Dec  6 12:55:36 2022 CPU1: running on CM035463_1_sub3
Tue Dec  6 12:55:36 2022 CPU3: running on CM035463_1_sub4
Tue Dec  6 12:55:36 2022 CPU7: running on CM035463_1_sub5
Tue Dec  6 12:55:37 2022 CPU37: running on CM035463_1_sub6
Tue Dec  6 12:55:37 2022 CPU13: running on CM035463_1_sub7
Tue Dec  6 12:55:37 2022 CPU24: running on CM035463_1_sub8
Tue Dec  6 12:55:40 2022 CPU29: running on CM035463_1_sub9
Tue Dec  6 12:55:41 2022 CPU25: running on CM035463_1_sub10
Tue Dec  6 12:55:41 2022 CPU13: running on CM035464_1_sub1
Tue Dec  6 12:55:43 2022 CPU41: running on CM035464_1_sub2
Tue Dec  6 12:55:43 2022 CPU29: running on CM035464_1_sub3
Tue Dec  6 12:55:43 2022 CPU7: running on CM035464_1_sub4
Tue Dec  6 12:55:44 2022 CPU24: running on CM035464_1_sub5
Tue Dec  6 12:55:46 2022 CPU5: running on CM035464_1_sub6
Tue Dec  6 12:55:47 2022 CPU36: running on CM035464_1_sub7
Tue Dec  6 12:55:48 2022 CPU15: running on CM035464_1_sub8
Tue Dec  6 12:55:49 2022 CPU41: running on CM035464_1_sub9
Tue Dec  6 12:55:49 2022 CPU6: running on CM035464_1_sub10
Tue Dec  6 12:55:49 2022 CPU37: running on CM035464_1_sub11
Tue Dec  6 12:55:50 2022 CPU29: running on CM035464_1_sub12
Tue Dec  6 12:55:53 2022 CPU5: running on CM035464_1_sub13
Tue Dec  6 13:04:14 2022 Job finished! Check out genome.fa.finder.combine.scn
Traceback (most recent call last):
  File "/data/HS_graduation/kalnal/kalnal.py", line 21, in <module>
    analyze(args)
  File "/data/HS_graduation/kalnal/functions.py", line 161, in analyze
    ploting(k)
  File "/data/HS_graduation/kalnal/functions.py", line 132, in ploting
    data = dict2dict(data, kmer)
           ^^^^^^^^^^^^^^^^^^^^^
  File "/data/HS_graduation/kalnal/functions.py", line 111, in dict2dict
    if mer not in v1.keys(): d[k1][mer] = 0
                             ~~~~~^^^^^
MemoryError
